  Connexion.cpp
D:\ARTFX\GAME_3\Programmation\DijkstraAlgo\DijsktraAlgo\DijsktraAlgo\PathFindingList.h(11,12): error C3646: 'connexion' : spécificateur de substitution inconnu
D:\ARTFX\GAME_3\Programmation\DijkstraAlgo\DijsktraAlgo\DijsktraAlgo\PathFindingList.h(11,21): error C4430: spécificateur de type manquant - int est pris en compte par défaut. Remarque : C++ ne prend pas en charge int par défaut
D:\ARTFX\GAME_3\Programmation\DijkstraAlgo\DijsktraAlgo\DijsktraAlgo\PathFindingList.h(40,21): warning C4018: '<' : incompatibilité signed/unsigned
D:\ARTFX\GAME_3\Programmation\DijkstraAlgo\DijsktraAlgo\DijsktraAlgo\PathFindingList.h(65,21): warning C4018: '<' : incompatibilité signed/unsigned
D:\ARTFX\GAME_3\Programmation\DijkstraAlgo\DijsktraAlgo\DijsktraAlgo\Graph.h(10,11): error C2143: erreur de syntaxe : absence de ';' avant '*'
D:\ARTFX\GAME_3\Programmation\DijkstraAlgo\DijsktraAlgo\DijsktraAlgo\Graph.h(10,11): error C4430: spécificateur de type manquant - int est pris en compte par défaut. Remarque : C++ ne prend pas en charge int par défaut
D:\ARTFX\GAME_3\Programmation\DijkstraAlgo\DijsktraAlgo\DijsktraAlgo\Graph.h(10,18): error C2238: jetons inattendus avant ';'
D:\ARTFX\GAME_3\Programmation\DijkstraAlgo\DijsktraAlgo\DijsktraAlgo\Graph.h(13,38): error C2061: erreur de syntaxe : identificateur 'Connexion'
D:\ARTFX\GAME_3\Programmation\DijkstraAlgo\DijsktraAlgo\DijsktraAlgo\Graph.h(16,14): error C2065: 'Connexion' : identificateur non déclaré
D:\ARTFX\GAME_3\Programmation\DijkstraAlgo\DijsktraAlgo\DijsktraAlgo\Graph.h(16,7): error C2923: 'std::vector' : 'Connexion' n'est pas un argument de type modèle valide pour le paramètre '_Ty'
D:\ARTFX\GAME_3\Programmation\DijkstraAlgo\DijsktraAlgo\DijsktraAlgo\Graph.h(16,7): error C2976: 'std::vector' : nombre d'arguments modèle insuffisant
C:\Program Files (x86)\Microsoft Visual Studio\2019\Community\VC\Tools\MSVC\14.28.29910\include\vector(416): message : voir la déclaration de 'std::vector'
D:\ARTFX\GAME_3\Programmation\DijkstraAlgo\DijsktraAlgo\DijsktraAlgo\Graph.h(17,14): error C2065: 'Connexion' : identificateur non déclaré
D:\ARTFX\GAME_3\Programmation\DijkstraAlgo\DijsktraAlgo\DijsktraAlgo\Graph.h(17,7): error C2923: 'std::vector' : 'Connexion' n'est pas un argument de type modèle valide pour le paramètre '_Ty'
D:\ARTFX\GAME_3\Programmation\DijkstraAlgo\DijsktraAlgo\DijsktraAlgo\Graph.h(17,7): error C2976: 'std::vector' : nombre d'arguments modèle insuffisant
C:\Program Files (x86)\Microsoft Visual Studio\2019\Community\VC\Tools\MSVC\14.28.29910\include\vector(416): message : voir la déclaration de 'std::vector'
D:\ARTFX\GAME_3\Programmation\DijkstraAlgo\DijsktraAlgo\DijsktraAlgo\Graph.h(18,11): error C2143: erreur de syntaxe : absence de ';' avant '*'
D:\ARTFX\GAME_3\Programmation\DijkstraAlgo\DijsktraAlgo\DijsktraAlgo\Graph.h(18,11): error C4430: spécificateur de type manquant - int est pris en compte par défaut. Remarque : C++ ne prend pas en charge int par défaut
D:\ARTFX\GAME_3\Programmation\DijkstraAlgo\DijsktraAlgo\DijsktraAlgo\Graph.h(18,23): error C2238: jetons inattendus avant ';'
  Graph.cpp
D:\ARTFX\GAME_3\Programmation\DijkstraAlgo\DijsktraAlgo\DijsktraAlgo\PathFindingList.h(11,12): error C3646: 'connexion' : spécificateur de substitution inconnu
D:\ARTFX\GAME_3\Programmation\DijkstraAlgo\DijsktraAlgo\DijsktraAlgo\PathFindingList.h(11,21): error C4430: spécificateur de type manquant - int est pris en compte par défaut. Remarque : C++ ne prend pas en charge int par défaut
D:\ARTFX\GAME_3\Programmation\DijkstraAlgo\DijsktraAlgo\DijsktraAlgo\PathFindingList.h(40,21): warning C4018: '<' : incompatibilité signed/unsigned
D:\ARTFX\GAME_3\Programmation\DijkstraAlgo\DijsktraAlgo\DijsktraAlgo\PathFindingList.h(65,21): warning C4018: '<' : incompatibilité signed/unsigned
D:\ARTFX\GAME_3\Programmation\DijkstraAlgo\DijsktraAlgo\DijsktraAlgo\Graph.cpp(4,1): error C2789: 'Graph::nbConnexion' : un objet de type qualifié const doit être initialisé
D:\ARTFX\GAME_3\Programmation\DijkstraAlgo\DijsktraAlgo\DijsktraAlgo\Graph.h(8): message : voir la déclaration de 'Graph::nbConnexion'
D:\ARTFX\GAME_3\Programmation\DijkstraAlgo\DijsktraAlgo\DijsktraAlgo\Graph.cpp(4,1): error C2789: 'Graph::nbNode' : un objet de type qualifié const doit être initialisé
D:\ARTFX\GAME_3\Programmation\DijkstraAlgo\DijsktraAlgo\DijsktraAlgo\Graph.h(9): message : voir la déclaration de 'Graph::nbNode'
  Main.cpp
D:\ARTFX\GAME_3\Programmation\DijkstraAlgo\DijsktraAlgo\DijsktraAlgo\Graph.h(10,11): error C2143: erreur de syntaxe : absence de ';' avant '*'
D:\ARTFX\GAME_3\Programmation\DijkstraAlgo\DijsktraAlgo\DijsktraAlgo\Graph.h(10,11): error C4430: spécificateur de type manquant - int est pris en compte par défaut. Remarque : C++ ne prend pas en charge int par défaut
D:\ARTFX\GAME_3\Programmation\DijkstraAlgo\DijsktraAlgo\DijsktraAlgo\Graph.h(10,18): error C2238: jetons inattendus avant ';'
D:\ARTFX\GAME_3\Programmation\DijkstraAlgo\DijsktraAlgo\DijsktraAlgo\Graph.h(13,38): error C2061: erreur de syntaxe : identificateur 'Connexion'
D:\ARTFX\GAME_3\Programmation\DijkstraAlgo\DijsktraAlgo\DijsktraAlgo\Graph.h(16,14): error C2065: 'Connexion' : identificateur non déclaré
D:\ARTFX\GAME_3\Programmation\DijkstraAlgo\DijsktraAlgo\DijsktraAlgo\Graph.h(16,7): error C2923: 'std::vector' : 'Connexion' n'est pas un argument de type modèle valide pour le paramètre '_Ty'
D:\ARTFX\GAME_3\Programmation\DijkstraAlgo\DijsktraAlgo\DijsktraAlgo\Graph.h(16,7): error C2976: 'std::vector' : nombre d'arguments modèle insuffisant
C:\Program Files (x86)\Microsoft Visual Studio\2019\Community\VC\Tools\MSVC\14.28.29910\include\vector(416): message : voir la déclaration de 'std::vector'
D:\ARTFX\GAME_3\Programmation\DijkstraAlgo\DijsktraAlgo\DijsktraAlgo\Graph.h(16,37): error C2061: erreur de syntaxe : identificateur 'NodeRecord'
D:\ARTFX\GAME_3\Programmation\DijkstraAlgo\DijsktraAlgo\DijsktraAlgo\Graph.h(17,14): error C2065: 'Connexion' : identificateur non déclaré
D:\ARTFX\GAME_3\Programmation\DijkstraAlgo\DijsktraAlgo\DijsktraAlgo\Graph.h(17,7): error C2923: 'std::vector' : 'Connexion' n'est pas un argument de type modèle valide pour le paramètre '_Ty'
D:\ARTFX\GAME_3\Programmation\DijkstraAlgo\DijsktraAlgo\DijsktraAlgo\Graph.h(17,7): error C2976: 'std::vector' : nombre d'arguments modèle insuffisant
C:\Program Files (x86)\Microsoft Visual Studio\2019\Community\VC\Tools\MSVC\14.28.29910\include\vector(416): message : voir la déclaration de 'std::vector'
D:\ARTFX\GAME_3\Programmation\DijkstraAlgo\DijsktraAlgo\DijsktraAlgo\Graph.h(17,35): error C2061: erreur de syntaxe : identificateur 'NodeRecord'
D:\ARTFX\GAME_3\Programmation\DijkstraAlgo\DijsktraAlgo\DijsktraAlgo\Graph.h(18,11): error C2143: erreur de syntaxe : absence de ';' avant '*'
D:\ARTFX\GAME_3\Programmation\DijkstraAlgo\DijsktraAlgo\DijsktraAlgo\Graph.h(18,11): error C4430: spécificateur de type manquant - int est pris en compte par défaut. Remarque : C++ ne prend pas en charge int par défaut
D:\ARTFX\GAME_3\Programmation\DijkstraAlgo\DijsktraAlgo\DijsktraAlgo\Graph.h(18,23): error C2238: jetons inattendus avant ';'
D:\ARTFX\GAME_3\Programmation\DijkstraAlgo\DijsktraAlgo\DijsktraAlgo\Connexion.h(8,12): error C2061: erreur de syntaxe : identificateur 'NodeRecord'
D:\ARTFX\GAME_3\Programmation\DijkstraAlgo\DijsktraAlgo\DijsktraAlgo\Connexion.h(9,11): error C2535: 'Connexion::Connexion(void)' : fonction membre déjà définie ou déclarée
D:\ARTFX\GAME_3\Programmation\DijkstraAlgo\DijsktraAlgo\DijsktraAlgo\Connexion.h(8): message : voir la déclaration de 'Connexion::Connexion'
D:\ARTFX\GAME_3\Programmation\DijkstraAlgo\DijsktraAlgo\DijsktraAlgo\Connexion.h(13,13): error C3646: 'getFromNode' : spécificateur de substitution inconnu
D:\ARTFX\GAME_3\Programmation\DijkstraAlgo\DijsktraAlgo\DijsktraAlgo\Connexion.h(13,24): error C2059: erreur de syntaxe : '('
D:\ARTFX\GAME_3\Programmation\DijkstraAlgo\DijsktraAlgo\DijsktraAlgo\Connexion.h(13,26): error C2238: jetons inattendus avant ';'
D:\ARTFX\GAME_3\Programmation\DijkstraAlgo\DijsktraAlgo\DijsktraAlgo\Connexion.h(14,13): error C3646: 'getToNode' : spécificateur de substitution inconnu
D:\ARTFX\GAME_3\Programmation\DijkstraAlgo\DijsktraAlgo\DijsktraAlgo\Connexion.h(14,22): error C2059: erreur de syntaxe : '('
D:\ARTFX\GAME_3\Programmation\DijkstraAlgo\DijsktraAlgo\DijsktraAlgo\Connexion.h(14,24): error C2238: jetons inattendus avant ';'
D:\ARTFX\GAME_3\Programmation\DijkstraAlgo\DijsktraAlgo\DijsktraAlgo\Connexion.h(18,13): error C3646: 'fromNode' : spécificateur de substitution inconnu
D:\ARTFX\GAME_3\Programmation\DijkstraAlgo\DijsktraAlgo\DijsktraAlgo\Connexion.h(18,21): error C4430: spécificateur de type manquant - int est pris en compte par défaut. Remarque : C++ ne prend pas en charge int par défaut
D:\ARTFX\GAME_3\Programmation\DijkstraAlgo\DijsktraAlgo\DijsktraAlgo\Connexion.h(19,13): error C3646: 'toNode' : spécificateur de substitution inconnu
D:\ARTFX\GAME_3\Programmation\DijkstraAlgo\DijsktraAlgo\DijsktraAlgo\Connexion.h(19,19): error C4430: spécificateur de type manquant - int est pris en compte par défaut. Remarque : C++ ne prend pas en charge int par défaut
D:\ARTFX\GAME_3\Programmation\DijkstraAlgo\DijsktraAlgo\DijsktraAlgo\PathFindingList.h(40,21): warning C4018: '<' : incompatibilité signed/unsigned
D:\ARTFX\GAME_3\Programmation\DijkstraAlgo\DijsktraAlgo\DijsktraAlgo\PathFindingList.h(65,21): warning C4018: '<' : incompatibilité signed/unsigned
  Génération de code en cours...
